0 info it worked if it ends with ok
1 verbose cli [ 'C:\\Program Files\\nodejs\\node.exe',
1 verbose cli   'C:\\Program Files\\nodejs\\node_modules\\npm\\bin\\npm-cli.js',
1 verbose cli   'run',
1 verbose cli   'test' ]
2 info using npm@3.10.10
3 info using node@v6.9.4
4 verbose run-script [ 'pretest', 'test', 'posttest' ]
5 info lifecycle ts-parser@1.0.0~pretest: ts-parser@1.0.0
6 silly lifecycle ts-parser@1.0.0~pretest: no script for pretest, continuing
7 info lifecycle ts-parser@1.0.0~test: ts-parser@1.0.0
8 verbose lifecycle ts-parser@1.0.0~test: unsafe-perm in lifecycle true
9 verbose lifecycle ts-parser@1.0.0~test: PATH: C:\Program Files\nodejs\node_modules\npm\bin\node-gyp-bin;C:\Users\Michael\Desktop\M.O.O\Programs\custom-npm-modules\ts-parser\node_modules\.bin;C:\Program Files\Git\mingw64\bin;C:\Program Files\Git\usr\bin;C:\Users\Michael\bin;C:\ProgramData\Oracle\Java\javapath;C:\Program Files (x86)\NVIDIA Corporation\PhysX\Common;C:\laragon\bin\php\php-7.1.5-Win32-VC14-x64;C:\WINDOWS\system32;C:\WINDOWS;C:\WINDOWS\System32\Wbem;C:\WINDOWS\System32\WindowsPowerShell\v1.0;C:\Program Files\nodejs;C:\xampp\php;C:\Program Files\Git\cmd;C:\Ruby24-x64\bin;C:\Program Files (x86)\Yarn\bin;C:\Program Files\Manual_CLI;C:\Program Files\MongoDB\Server\3.4\bin;C:\Python27;C:\Python27\Scripts;C:\Users\Michael\.windows-build-tools\vv;C:\Users\Michael\Desktop\M.O.O\Programs\bin\phantomjs-2.1.1-windows\bin;C:\OpenCV\build\x64\vc14\bin;C:\Program Files (x86)\Windows Kits\8.1\Windows Performance Toolkit;C:\laragon\bin\mysql\mysql-5.7.18-winx64\bin;C:\Program Files\hlint-2.0.12;C:\kotlinc\bin;C:\Ruby24-x64\bin;C:\Users\Michael\AppData\Local\Microsoft\WindowsApps;C:\Program Files (x86)\Microsoft VS Code\bin;C:\Users\Michael\AppData\Roaming\npm;C:\Users\Michael\AppData\Local\Yarn\bin;C:\Users\Michael\AppData\Local\Google\Cloud SDK\google-cloud-sdk\bin;C:\Users\Michael\Desktop\M.O.O\Programs\bin;C:\Users\Michael\Desktop\M.O.O\Programs\bin\bash
10 verbose lifecycle ts-parser@1.0.0~test: CWD: C:\Users\Michael\Desktop\M.O.O\Programs\custom-npm-modules\ts-parser
11 silly lifecycle ts-parser@1.0.0~test: Args: [ '/d /s /c',
11 silly lifecycle   'cross-env NODE_ENV=development mocha -r C:\\Users\\Michael\\AppData\\Roaming\\npm\\node_modules\\ts-node\\register test/**/*.test.ts --reporter="min" --watch --watch-extensions ts' ]
12 verbose stack Error: kill ENOSYS
12 verbose stack     at exports._errnoException (util.js:1022:11)
12 verbose stack     at process.kill (internal/process.js:172:13)
12 verbose stack     at process.listener (C:\Program Files\nodejs\node_modules\npm\node_modules\npmlog\node_modules\gauge\node_modules\signal-exit\index.js:86:15)
12 verbose stack     at emitNone (events.js:91:20)
12 verbose stack     at process.emit (events.js:185:7)
12 verbose stack     at processEmit (C:\Program Files\nodejs\node_modules\npm\node_modules\npmlog\node_modules\gauge\node_modules\signal-exit\index.js:146:32)
12 verbose stack     at processEmit (C:\Program Files\nodejs\node_modules\npm\node_modules\npm-registry-client\node_modules\npmlog\node_modules\gauge\node_modules\signal-exit\index.js:146:32)
12 verbose stack     at Signal.wrap.onsignal (internal/process.js:199:44)
13 verbose cwd C:\Users\Michael\Desktop\M.O.O\Programs\custom-npm-modules\ts-parser
14 error Windows_NT 10.0.16299
15 error argv "C:\\Program Files\\nodejs\\node.exe" "C:\\Program Files\\nodejs\\node_modules\\npm\\bin\\npm-cli.js" "run" "test"
16 error node v6.9.4
17 error npm  v3.10.10
18 error code ENOSYS
19 error errno ENOSYS
20 error syscall kill
21 error kill ENOSYS
22 error If you need help, you may report this error at:
22 error     <https://github.com/npm/npm/issues>
23 verbose exit [ 1, true ]
